<?xml version="1.0" encoding="UTF-8"?>
<robot generator="Robot 6.0.1 (Python 3.11.0 on win32)" generated="20221123 19:18:45.637" rpa="false" schemaversion="3">
<suite id="s1" name="GestionIframe" source="c:\Users\wangc\Desktop\RobotFrameworkProjet3\GestionIframe.robot">
<test id="s1-t1" name="testGererAlert" line="5">
<kw name="Open Browser" library="SeleniumLibrary">
<arg>http://selenium.dev/selenium/docs/api/java/index.html?overview-summary.html</arg>
<arg>gc</arg>
<doc>Opens a new browser instance to the optional ``url``.</doc>
<msg timestamp="20221123 19:18:46.563" level="INFO">Opening browser 'gc' to base url 'http://selenium.dev/selenium/docs/api/java/index.html?overview-summary.html'.</msg>
<status status="PASS" starttime="20221123 19:18:46.562" endtime="20221123 19:18:58.079"/>
</kw>
<kw name="Maximize Browser Window" library="SeleniumLibrary">
<doc>Maximizes current browser window.</doc>
<status status="PASS" starttime="20221123 19:18:58.081" endtime="20221123 19:18:58.519"/>
</kw>
<kw name="Sleep" library="BuiltIn">
<arg>3s</arg>
<doc>Pauses the test executed for the given time.</doc>
<msg timestamp="20221123 19:19:01.552" level="INFO">Slept 3 seconds</msg>
<status status="PASS" starttime="20221123 19:18:58.550" endtime="20221123 19:19:01.552"/>
</kw>
<kw name="Select Frame" library="SeleniumLibrary">
<arg>name:packageListFrame</arg>
<doc>Sets frame identified by ``locator`` as the current frame.</doc>
<msg timestamp="20221123 19:19:01.555" level="INFO">Selecting frame 'name:packageListFrame'.</msg>
<status status="PASS" starttime="20221123 19:19:01.554" endtime="20221123 19:19:01.627"/>
</kw>
<kw name="Click Link" library="SeleniumLibrary">
<arg>org.openqa.selenium</arg>
<doc>Clicks a link identified by ``locator``.</doc>
<msg timestamp="20221123 19:19:01.629" level="INFO">Clicking link 'org.openqa.selenium'.</msg>
<status status="PASS" starttime="20221123 19:19:01.628" endtime="20221123 19:19:01.799"/>
</kw>
<kw name="Unselect Frame" library="SeleniumLibrary">
<doc>Sets the main frame as the current frame.</doc>
<status status="PASS" starttime="20221123 19:19:01.805" endtime="20221123 19:19:01.810"/>
</kw>
<kw name="Sleep" library="BuiltIn">
<arg>3s</arg>
<doc>Pauses the test executed for the given time.</doc>
<msg timestamp="20221123 19:19:04.811" level="INFO">Slept 3 seconds</msg>
<status status="PASS" starttime="20221123 19:19:01.810" endtime="20221123 19:19:04.811"/>
</kw>
<kw name="Select Frame" library="SeleniumLibrary">
<arg>name:packageFrame</arg>
<doc>Sets frame identified by ``locator`` as the current frame.</doc>
<msg timestamp="20221123 19:19:04.818" level="INFO">Selecting frame 'name:packageFrame'.</msg>
<status status="PASS" starttime="20221123 19:19:04.816" endtime="20221123 19:19:04.878"/>
</kw>
<kw name="Click Link" library="SeleniumLibrary">
<arg>WebDriver</arg>
<doc>Clicks a link identified by ``locator``.</doc>
<msg timestamp="20221123 19:19:04.881" level="INFO">Clicking link 'WebDriver'.</msg>
<status status="PASS" starttime="20221123 19:19:04.879" endtime="20221123 19:19:05.084"/>
</kw>
<kw name="Unselect Frame" library="SeleniumLibrary">
<doc>Sets the main frame as the current frame.</doc>
<status status="PASS" starttime="20221123 19:19:05.096" endtime="20221123 19:19:05.104"/>
</kw>
<kw name="Sleep" library="BuiltIn">
<arg>3s</arg>
<doc>Pauses the test executed for the given time.</doc>
<msg timestamp="20221123 19:19:08.107" level="INFO">Slept 3 seconds</msg>
<status status="PASS" starttime="20221123 19:19:05.105" endtime="20221123 19:19:08.107"/>
</kw>
<kw name="Select Frame" library="SeleniumLibrary">
<arg>name:classFrame</arg>
<doc>Sets frame identified by ``locator`` as the current frame.</doc>
<msg timestamp="20221123 19:19:08.109" level="INFO">Selecting frame 'name:classFrame'.</msg>
<status status="PASS" starttime="20221123 19:19:08.108" endtime="20221123 19:19:08.167"/>
</kw>
<kw name="Click Link" library="SeleniumLibrary">
<arg>Help</arg>
<doc>Clicks a link identified by ``locator``.</doc>
<msg timestamp="20221123 19:19:08.169" level="INFO">Clicking link 'Help'.</msg>
<status status="PASS" starttime="20221123 19:19:08.168" endtime="20221123 19:19:08.674"/>
</kw>
<kw name="Unselect Frame" library="SeleniumLibrary">
<doc>Sets the main frame as the current frame.</doc>
<status status="PASS" starttime="20221123 19:19:08.680" endtime="20221123 19:19:08.788"/>
</kw>
<kw name="Sleep" library="BuiltIn">
<arg>3s</arg>
<doc>Pauses the test executed for the given time.</doc>
<msg timestamp="20221123 19:19:11.793" level="INFO">Slept 3 seconds</msg>
<status status="PASS" starttime="20221123 19:19:08.791" endtime="20221123 19:19:11.793"/>
</kw>
<kw name="Close Browser" library="SeleniumLibrary">
<doc>Closes the current browser.</doc>
<status status="PASS" starttime="20221123 19:19:11.794" endtime="20221123 19:19:15.221"/>
</kw>
<status status="PASS" starttime="20221123 19:18:46.559" endtime="20221123 19:19:15.224"/>
</test>
<status status="PASS" starttime="20221123 19:18:45.670" endtime="20221123 19:19:15.227"/>
</suite>
<statistics>
<total>
<stat pass="1" fail="0" skip="0">All Tests</stat>
</total>
<tag>
</tag>
<suite>
<stat pass="1" fail="0" skip="0" id="s1" name="GestionIframe">GestionIframe</stat>
</suite>
</statistics>
<errors>
</errors>
</robot>
